This is pdfTeX, Version 3.141592653-2.6-1.40.22 (TeX Live 2021) (preloaded format=pdflatex 2021.4.14)  28 APR 2026 13:39
entering extended mode
 restricted \write18 enabled.
 %&-line parsing enabled.
**synthesis_report_v2.tex
(./synthesis_report_v2.tex
LaTeX2e <2020-10-01> patch level 4
L3 programming layer <2021-02-18>
(/usr/local/texlive/2021/texmf-dist/tex/latex/base/report.cls
Document Class: report 2020/04/10 v1.4m Standard LaTeX document class
(/usr/local/texlive/2021/texmf-dist/tex/latex/base/size11.clo
File: size11.clo 2020/04/10 v1.4m Standard LaTeX file (size option)
)
\c@part=\count179
\c@chapter=\count180
\c@section=\count181
\c@subsection=\count182
\c@subsubsection=\count183
\c@paragraph=\count184
\c@subparagraph=\count185
\c@figure=\count186
\c@table=\count187
\abovecaptionskip=\skip47
\belowcaptionskip=\skip48
\bibindent=\dimen138
)
(/usr/local/texlive/2021/texmf-dist/tex/latex/geometry/geometry.sty
Package: geometry 2020/01/02 v5.9 Page Geometry

(/usr/local/texlive/2021/texmf-dist/tex/latex/graphics/keyval.sty
Package: keyval 2014/10/28 v1.15 key=value parser (DPC)
\KV@toks@=\toks15
)
(/usr/local/texlive/2021/texmf-dist/tex/generic/iftex/ifvtex.sty
Package: ifvtex 2019/10/25 v1.7 ifvtex legacy package. Use iftex instead.

(/usr/local/texlive/2021/texmf-dist/tex/generic/iftex/iftex.sty
Package: iftex 2020/03/06 v1.0d TeX engine tests
))
\Gm@cnth=\count188
\Gm@cntv=\count189
\c@Gm@tempcnt=\count190
\Gm@bindingoffset=\dimen139
\Gm@wd@mp=\dimen140
\Gm@odd@mp=\dimen141
\Gm@even@mp=\dimen142
\Gm@layoutwidth=\dimen143
\Gm@layoutheight=\dimen144
\Gm@layouthoffset=\dimen145
\Gm@layoutvoffset=\dimen146
\Gm@dimlist=\toks16
)
(/usr/local/texlive/2021/texmf-dist/tex/latex/booktabs/booktabs.sty
Package: booktabs 2020/01/12 v1.61803398 Publication quality tables
\heavyrulewidth=\dimen147
\lightrulewidth=\dimen148
\cmidrulewidth=\dimen149
\belowrulesep=\dimen150
\belowbottomsep=\dimen151
\aboverulesep=\dimen152
\abovetopsep=\dimen153
\cmidrulesep=\dimen154
\cmidrulekern=\dimen155
\defaultaddspace=\dimen156
\@cmidla=\count191
\@cmidlb=\count192
\@aboverulesep=\dimen157
\@belowrulesep=\dimen158
\@thisruleclass=\count193
\@lastruleclass=\count194
\@thisrulewidth=\dimen159
)
(/usr/local/texlive/2021/texmf-dist/tex/latex/tools/array.sty
Package: array 2020/10/01 v2.5c Tabular extension package (FMi)
\col@sep=\dimen160
\ar@mcellbox=\box47
\extrarowheight=\dimen161
\NC@list=\toks17
\extratabsurround=\skip49
\backup@length=\skip50
\ar@cellbox=\box48
)
(/usr/local/texlive/2021/texmf-dist/tex/latex/multirow/multirow.sty
Package: multirow 2021/03/15 v2.8 Span multiple rows of a table
\multirow@colwidth=\skip51
\multirow@cntb=\count195
\multirow@dima=\skip52
\bigstrutjot=\dimen162
)
(/usr/local/texlive/2021/texmf-dist/tex/latex/tools/longtable.sty
Package: longtable 2020/01/07 v4.13 Multi-page Table package (DPC)
\LTleft=\skip53
\LTright=\skip54
\LTpre=\skip55
\LTpost=\skip56
\LTchunksize=\count196
\LTcapwidth=\dimen163
\LT@head=\box49
\LT@firsthead=\box50
\LT@foot=\box51
\LT@lastfoot=\box52
\LT@cols=\count197
\LT@rows=\count198
\c@LT@tables=\count199
\c@LT@chunks=\count266
\LT@p@ftn=\toks18
)
(/usr/local/texlive/2021/texmf-dist/tex/latex/tools/tabularx.sty
Package: tabularx 2020/01/15 v2.11c `tabularx' package (DPC)
\TX@col@width=\dimen164
\TX@old@table=\dimen165
\TX@old@col=\dimen166
\TX@target=\dimen167
\TX@delta=\dimen168
\TX@cols=\count267
\TX@ftn=\toks19
)
(/usr/local/texlive/2021/texmf-dist/tex/latex/xcolor/xcolor.sty
Package: xcolor 2016/05/11 v2.12 LaTeX color extensions (UK)

(/usr/local/texlive/2021/texmf-dist/tex/latex/graphics-cfg/color.cfg
File: color.cfg 2016/01/02 v1.6 sample color configuration
)
Package xcolor Info: Driver file: pdftex.def on input line 225.

(/usr/local/texlive/2021/texmf-dist/tex/latex/graphics-def/pdftex.def
File: pdftex.def 2020/10/05 v1.2a Graphics/color driver for pdftex
)
Package xcolor Info: Model `cmy' substituted by `cmy0' on input line 1348.
Package xcolor Info: Model `hsb' substituted by `rgb' on input line 1352.
Package xcolor Info: Model `RGB' extended on input line 1364.
Package xcolor Info: Model `HTML' substituted by `rgb' on input line 1366.
Package xcolor Info: Model `Hsb' substituted by `hsb' on input line 1367.
Package xcolor Info: Model `tHsb' substituted by `hsb' on input line 1368.
Package xcolor Info: Model `HSB' substituted by `hsb' on input line 1369.
Package xcolor Info: Model `Gray' substituted by `gray' on input line 1370.
Package xcolor Info: Model `wave' substituted by `hsb' on input line 1371.
)
(/usr/local/texlive/2021/texmf-dist/tex/latex/graphics/graphicx.sty
Package: graphicx 2020/09/09 v1.2b Enhanced LaTeX Graphics (DPC,SPQR)

(/usr/local/texlive/2021/texmf-dist/tex/latex/graphics/graphics.sty
Package: graphics 2020/08/30 v1.4c Standard LaTeX Graphics (DPC,SPQR)

(/usr/local/texlive/2021/texmf-dist/tex/latex/graphics/trig.sty
Package: trig 2016/01/03 v1.10 sin cos tan (DPC)
)
(/usr/local/texlive/2021/texmf-dist/tex/latex/graphics-cfg/graphics.cfg
File: graphics.cfg 2016/06/04 v1.11 sample graphics configuration
)
Package graphics Info: Driver file: pdftex.def on input line 105.
)
\Gin@req@height=\dimen169
\Gin@req@width=\dimen170
)
(/usr/local/texlive/2021/texmf-dist/tex/latex/amsmath/amsmath.sty
Package: amsmath 2020/09/23 v2.17i AMS math features
\@mathmargin=\skip57

For additional information on amsmath, use the `?' option.
(/usr/local/texlive/2021/texmf-dist/tex/latex/amsmath/amstext.sty
Package: amstext 2000/06/29 v2.01 AMS text

(/usr/local/texlive/2021/texmf-dist/tex/latex/amsmath/amsgen.sty
File: amsgen.sty 1999/11/30 v2.0 generic functions
\@emptytoks=\toks20
\ex@=\dimen171
))
(/usr/local/texlive/2021/texmf-dist/tex/latex/amsmath/amsbsy.sty
Package: amsbsy 1999/11/29 v1.2d Bold Symbols
\pmbraise@=\dimen172
)
(/usr/local/texlive/2021/texmf-dist/tex/latex/amsmath/amsopn.sty
Package: amsopn 2016/03/08 v2.02 operator names
)
\inf@bad=\count268
LaTeX Info: Redefining \frac on input line 234.
\uproot@=\count269
\leftroot@=\count270
LaTeX Info: Redefining \overline on input line 399.
\classnum@=\count271
\DOTSCASE@=\count272
LaTeX Info: Redefining \ldots on input line 496.
LaTeX Info: Redefining \dots on input line 499.
LaTeX Info: Redefining \cdots on input line 620.
\Mathstrutbox@=\box53
\strutbox@=\box54
\big@size=\dimen173
LaTeX Font Info:    Redeclaring font encoding OML on input line 743.
LaTeX Font Info:    Redeclaring font encoding OMS on input line 744.
\macc@depth=\count273
\c@MaxMatrixCols=\count274
\dotsspace@=\muskip16
\c@parentequation=\count275
\dspbrk@lvl=\count276
\tag@help=\toks21
\row@=\count277
\column@=\count278
\maxfields@=\count279
\andhelp@=\toks22
\eqnshift@=\dimen174
\alignsep@=\dimen175
\tagshift@=\dimen176
\tagwidth@=\dimen177
\totwidth@=\dimen178
\lineht@=\dimen179
\@envbody=\toks23
\multlinegap=\skip58
\multlinetaggap=\skip59
\mathdisplay@stack=\toks24
LaTeX Info: Redefining \[ on input line 2923.
LaTeX Info: Redefining \] on input line 2924.
)
(/usr/local/texlive/2021/texmf-dist/tex/latex/microtype/microtype.sty
Package: microtype 2021/03/14 v2.8c Micro-typographical refinements (RS)
\MT@toks=\toks25
\MT@count=\count280
LaTeX Info: Redefining \textls on input line 790.
\MT@outer@kern=\dimen180
LaTeX Info: Redefining \textmicrotypecontext on input line 1374.
\MT@listname@count=\count281

(/usr/local/texlive/2021/texmf-dist/tex/latex/microtype/microtype-pdftex.def
File: microtype-pdftex.def 2021/03/14 v2.8c Definitions specific to pdftex (RS)

LaTeX Info: Redefining \lsstyle on input line 915.
LaTeX Info: Redefining \lslig on input line 915.
\MT@outer@space=\skip60
)
Package microtype Info: Loading configuration file microtype.cfg.

(/usr/local/texlive/2021/texmf-dist/tex/latex/microtype/microtype.cfg
File: microtype.cfg 2021/03/14 v2.8c microtype main configuration file (RS)
))
(/usr/local/texlive/2021/texmf-dist/tex/latex/parskip/parskip.sty
Package: parskip 2021-03-14 v2.0h non-zero parskip adjustments

(/usr/local/texlive/2021/texmf-dist/tex/latex/kvoptions/kvoptions.sty
Package: kvoptions 2020-10-07 v3.14 Key value format for package options (HO)

(/usr/local/texlive/2021/texmf-dist/tex/generic/ltxcmds/ltxcmds.sty
Package: ltxcmds 2020-05-10 v1.25 LaTeX kernel commands for general use (HO)
)
(/usr/local/texlive/2021/texmf-dist/tex/generic/kvsetkeys/kvsetkeys.sty
Package: kvsetkeys 2019/12/15 v1.18 Key value parser (HO)
))
(/usr/local/texlive/2021/texmf-dist/tex/latex/etoolbox/etoolbox.sty
Package: etoolbox 2020/10/05 v2.5k e-TeX tools for LaTeX (JAW)
\etb@tempcnta=\count282
))
(/usr/local/texlive/2021/texmf-dist/tex/latex/caption/caption.sty
Package: caption 2020/10/26 v3.5g Customizing captions (AR)

(/usr/local/texlive/2021/texmf-dist/tex/latex/caption/caption3.sty
Package: caption3 2020/10/21 v2.2e caption3 kernel (AR)
\captionmargin=\dimen181
\captionmargin@=\dimen182
\captionwidth=\dimen183
\caption@tempdima=\dimen184
\caption@indent=\dimen185
\caption@parindent=\dimen186
\caption@hangindent=\dimen187
Package caption Info: Standard document class detected.
)
\c@caption@flags=\count283
\c@continuedfloat=\count284
Package caption Info: longtable package is loaded.

(/usr/local/texlive/2021/texmf-dist/tex/latex/caption/ltcaption.sty
Package: ltcaption 2020/05/30 v1.4b longtable captions (AR)
))
(/usr/local/texlive/2021/texmf-dist/tex/latex/titlesec/titlesec.sty
Package: titlesec 2019/10/16 v2.13 Sectioning titles
\ttl@box=\box55
\beforetitleunit=\skip61
\aftertitleunit=\skip62
\ttl@plus=\dimen188
\ttl@minus=\dimen189
\ttl@toksa=\toks26
\titlewidth=\dimen190
\titlewidthlast=\dimen191
\titlewidthfirst=\dimen192
)
(/usr/local/texlive/2021/texmf-dist/tex/latex/fancyhdr/fancyhdr.sty
Package: fancyhdr 2021/01/28 v4.0.1 Extensive control of page headers and foote
rs
\f@nch@headwidth=\skip63
\f@nch@O@elh=\skip64
\f@nch@O@erh=\skip65
\f@nch@O@olh=\skip66
\f@nch@O@orh=\skip67
\f@nch@O@elf=\skip68
\f@nch@O@erf=\skip69
\f@nch@O@olf=\skip70
\f@nch@O@orf=\skip71
)
(/usr/local/texlive/2021/texmf-dist/tex/latex/enumitem/enumitem.sty
Package: enumitem 2019/06/20 v3.9 Customized lists
\labelindent=\skip72
\enit@outerparindent=\dimen193
\enit@toks=\toks27
\enit@inbox=\box56
\enit@count@id=\count285
\enitdp@description=\count286
)
(/usr/local/texlive/2021/texmf-dist/tex/latex/hyperref/hyperref.sty
Package: hyperref 2021-02-27 v7.00k Hypertext links for LaTeX

(/usr/local/texlive/2021/texmf-dist/tex/generic/pdftexcmds/pdftexcmds.sty
Package: pdftexcmds 2020-06-27 v0.33 Utility functions of pdfTeX for LuaTeX (HO
)

(/usr/local/texlive/2021/texmf-dist/tex/generic/infwarerr/infwarerr.sty
Package: infwarerr 2019/12/03 v1.5 Providing info/warning/error messages (HO)
)
Package pdftexcmds Info: \pdf@primitive is available.
Package pdftexcmds Info: \pdf@ifprimitive is available.
Package pdftexcmds Info: \pdfdraftmode found.
)
(/usr/local/texlive/2021/texmf-dist/tex/generic/kvdefinekeys/kvdefinekeys.sty
Package: kvdefinekeys 2019-12-19 v1.6 Define keys (HO)
)
(/usr/local/texlive/2021/texmf-dist/tex/generic/pdfescape/pdfescape.sty
Package: pdfescape 2019/12/09 v1.15 Implements pdfTeX's escape features (HO)
)
(/usr/local/texlive/2021/texmf-dist/tex/latex/hycolor/hycolor.sty
Package: hycolor 2020-01-27 v1.10 Color options for hyperref/bookmark (HO)
)
(/usr/local/texlive/2021/texmf-dist/tex/latex/letltxmacro/letltxmacro.sty
Package: letltxmacro 2019/12/03 v1.6 Let assignment for LaTeX macros (HO)
)
(/usr/local/texlive/2021/texmf-dist/tex/latex/auxhook/auxhook.sty
Package: auxhook 2019-12-17 v1.6 Hooks for auxiliary files (HO)
)
\@linkdim=\dimen194
\Hy@linkcounter=\count287
\Hy@pagecounter=\count288

(/usr/local/texlive/2021/texmf-dist/tex/latex/hyperref/pd1enc.def
File: pd1enc.def 2021-02-27 v7.00k Hyperref: PDFDocEncoding definition (HO)
Now handling font encoding PD1 ...
... no UTF-8 mapping file for font encoding PD1
)
(/usr/local/texlive/2021/texmf-dist/tex/latex/hyperref/hyperref-langpatches.def
File: hyperref-langpatches.def 2021-02-27 v7.00k Hyperref: patches for babel la
nguages
) (/usr/local/texlive/2021/texmf-dist/tex/generic/intcalc/intcalc.sty
Package: intcalc 2019/12/15 v1.3 Expandable calculations with integers (HO)
)
(/usr/local/texlive/2021/texmf-dist/tex/generic/etexcmds/etexcmds.sty
Package: etexcmds 2019/12/15 v1.7 Avoid name clashes with e-TeX commands (HO)
)
\Hy@SavedSpaceFactor=\count289

(/usr/local/texlive/2021/texmf-dist/tex/latex/hyperref/puenc.def
File: puenc.def 2021-02-27 v7.00k Hyperref: PDF Unicode definition (HO)
Now handling font encoding PU ...
... no UTF-8 mapping file for font encoding PU
)
Package hyperref Info: Hyper figures OFF on input line 4192.
Package hyperref Info: Link nesting OFF on input line 4197.
Package hyperref Info: Hyper index ON on input line 4200.
Package hyperref Info: Plain pages OFF on input line 4207.
Package hyperref Info: Backreferencing OFF on input line 4212.
Package hyperref Info: Implicit mode ON; LaTeX internals redefined.
Package hyperref Info: Bookmarks ON on input line 4445.
\c@Hy@tempcnt=\count290

(/usr/local/texlive/2021/texmf-dist/tex/latex/url/url.sty
\Urlmuskip=\muskip17
Package: url 2013/09/16  ver 3.4  Verb mode for urls, etc.
)
LaTeX Info: Redefining \url on input line 4804.
\XeTeXLinkMargin=\dimen195

(/usr/local/texlive/2021/texmf-dist/tex/generic/bitset/bitset.sty
Package: bitset 2019/12/09 v1.3 Handle bit-vector datatype (HO)

(/usr/local/texlive/2021/texmf-dist/tex/generic/bigintcalc/bigintcalc.sty
Package: bigintcalc 2019/12/15 v1.5 Expandable calculations on big integers (HO
)
))
\Fld@menulength=\count291
\Field@Width=\dimen196
\Fld@charsize=\dimen197
Package hyperref Info: Hyper figures OFF on input line 6075.
Package hyperref Info: Link nesting OFF on input line 6080.
Package hyperref Info: Hyper index ON on input line 6083.
Package hyperref Info: backreferencing OFF on input line 6090.
Package hyperref Info: Link coloring OFF on input line 6095.
Package hyperref Info: Link coloring with OCG OFF on input line 6100.
Package hyperref Info: PDF/A mode OFF on input line 6105.
LaTeX Info: Redefining \ref on input line 6145.
LaTeX Info: Redefining \pageref on input line 6149.

(/usr/local/texlive/2021/texmf-dist/tex/latex/base/atbegshi-ltx.sty
Package: atbegshi-ltx 2020/08/17 v1.0a Emulation of the original atbegshi packa
ge
with kernel methods
)
\Hy@abspage=\count292
\c@Item=\count293
\c@Hfootnote=\count294
)
Package hyperref Info: Driver (autodetected): hpdftex.

(/usr/local/texlive/2021/texmf-dist/tex/latex/hyperref/hpdftex.def
File: hpdftex.def 2021-02-27 v7.00k Hyperref driver for pdfTeX

(/usr/local/texlive/2021/texmf-dist/tex/latex/base/atveryend-ltx.sty
Package: atveryend-ltx 2020/08/19 v1.0a Emulation of the original atvery packag
e
with kernel methods
)
\Fld@listcount=\count295
\c@bookmark@seq@number=\count296

(/usr/local/texlive/2021/texmf-dist/tex/latex/rerunfilecheck/rerunfilecheck.sty
Package: rerunfilecheck 2019/12/05 v1.9 Rerun checks for auxiliary files (HO)

(/usr/local/texlive/2021/texmf-dist/tex/generic/uniquecounter/uniquecounter.sty
Package: uniquecounter 2019/12/15 v1.4 Provide unlimited unique counter (HO)
)
Package uniquecounter Info: New unique counter `rerunfilecheck' on input line 2
86.
)
\Hy@SectionHShift=\skip73
)
Package hyperref Info: Option `colorlinks' set `true' on input line 33.

(/usr/local/texlive/2021/texmf-dist/tex/latex/l3backend/l3backend-pdftex.def
File: l3backend-pdftex.def 2021-03-18 L3 backend support: PDF output (pdfTeX)
\l__color_backend_stack_int=\count297
\l__pdf_internal_box=\box57
)
(./synthesis_report_v2.aux)
\openout1 = `synthesis_report_v2.aux'.

LaTeX Font Info:    Checking defaults for OML/cmm/m/it on input line 66.
LaTeX Font Info:    ... okay on input line 66.
LaTeX Font Info:    Checking defaults for OMS/cmsy/m/n on input line 66.
LaTeX Font Info:    ... okay on input line 66.
LaTeX Font Info:    Checking defaults for OT1/cmr/m/n on input line 66.
LaTeX Font Info:    ... okay on input line 66.
LaTeX Font Info:    Checking defaults for T1/cmr/m/n on input line 66.
LaTeX Font Info:    ... okay on input line 66.
LaTeX Font Info:    Checking defaults for TS1/cmr/m/n on input line 66.
LaTeX Font Info:    ... okay on input line 66.
LaTeX Font Info:    Checking defaults for OMX/cmex/m/n on input line 66.
LaTeX Font Info:    ... okay on input line 66.
LaTeX Font Info:    Checking defaults for U/cmr/m/n on input line 66.
LaTeX Font Info:    ... okay on input line 66.
LaTeX Font Info:    Checking defaults for PD1/pdf/m/n on input line 66.
LaTeX Font Info:    ... okay on input line 66.
LaTeX Font Info:    Checking defaults for PU/pdf/m/n on input line 66.
LaTeX Font Info:    ... okay on input line 66.

*geometry* driver: auto-detecting
*geometry* detected driver: pdftex
*geometry* verbose mode - [ preamble ] result:
* driver: pdftex
* paper: a4paper
* layout: <same size as paper>
* layoutoffset:(h,v)=(0.0pt,0.0pt)
* modes: 
* h-part:(L,W,R)=(71.13188pt, 455.24411pt, 71.13188pt)
* v-part:(T,H,B)=(71.13188pt, 702.78308pt, 71.13188pt)
* \paperwidth=597.50787pt
* \paperheight=845.04684pt
* \textwidth=455.24411pt
* \textheight=702.78308pt
* \oddsidemargin=-1.1381pt
* \evensidemargin=-1.1381pt
* \topmargin=-38.1381pt
* \headheight=14.0pt
* \headsep=25.0pt
* \topskip=11.0pt
* \footskip=30.0pt
* \marginparwidth=50.0pt
* \marginparsep=10.0pt
* \columnsep=10.0pt
* \skip\footins=10.0pt plus 4.0pt minus 2.0pt
* \hoffset=0.0pt
* \voffset=0.0pt
* \mag=1000
* \@twocolumnfalse
* \@twosidefalse
* \@mparswitchfalse
* \@reversemarginfalse
* (1in=72.27pt=25.4mm, 1cm=28.453pt)

(/usr/local/texlive/2021/texmf-dist/tex/context/base/mkii/supp-pdf.mkii
[Loading MPS to PDF converter (version 2006.09.02).]
\scratchcounter=\count298
\scratchdimen=\dimen198
\scratchbox=\box58
\nofMPsegments=\count299
\nofMParguments=\count300
\everyMPshowfont=\toks28
\MPscratchCnt=\count301
\MPscratchDim=\dimen199
\MPnumerator=\count302
\makeMPintoPDFobject=\count303
\everyMPtoPDFconversion=\toks29
) (/usr/local/texlive/2021/texmf-dist/tex/latex/epstopdf-pkg/epstopdf-base.sty
Package: epstopdf-base 2020-01-24 v2.11 Base part for package epstopdf
Package epstopdf-base Info: Redefining graphics rule for `.eps' on input line 4
85.

(/usr/local/texlive/2021/texmf-dist/tex/latex/latexconfig/epstopdf-sys.cfg
File: epstopdf-sys.cfg 2010/07/13 v1.3 Configuration of (r)epstopdf for TeX Liv
e
))
LaTeX Info: Redefining \microtypecontext on input line 66.
Package microtype Info: Generating PDF output.
Package microtype Info: Character protrusion enabled (level 2).
Package microtype Info: Using default protrusion set `alltext'.
Package microtype Info: Automatic font expansion enabled (level 2),
(microtype)             stretch: 20, shrink: 20, step: 1, non-selected.
Package microtype Info: Using default expansion set `alltext-nott'.
LaTeX Info: Redefining \showhyphens on input line 66.
Package microtype Info: No adjustment of tracking.
Package microtype Info: No adjustment of interword spacing.
Package microtype Info: No adjustment of character kerning.

(/usr/local/texlive/2021/texmf-dist/tex/latex/microtype/mt-cmr.cfg
File: mt-cmr.cfg 2013/05/19 v2.2 microtype config. file: Computer Modern Roman 
(RS)
)
Package caption Info: Begin \AtBeginDocument code.
Package caption Info: hyperref package is loaded.
Package caption Info: End \AtBeginDocument code.
Package hyperref Info: Link coloring ON on input line 66.

(/usr/local/texlive/2021/texmf-dist/tex/latex/hyperref/nameref.sty
Package: nameref 2021-04-02 v2.47 Cross-referencing by name of section

(/usr/local/texlive/2021/texmf-dist/tex/latex/refcount/refcount.sty
Package: refcount 2019/12/15 v3.6 Data extraction from label references (HO)
)
(/usr/local/texlive/2021/texmf-dist/tex/generic/gettitlestring/gettitlestring.s
ty
Package: gettitlestring 2019/12/15 v1.6 Cleanup title references (HO)
)
\c@section@level=\count304
)
LaTeX Info: Redefining \ref on input line 66.
LaTeX Info: Redefining \pageref on input line 66.
LaTeX Info: Redefining \nameref on input line 66.
 (./synthesis_report_v2.out) (./synthesis_report_v2.out)
\@outlinefile=\write3
\openout3 = `synthesis_report_v2.out'.

 [1

{/usr/local/texlive/2021/texmf-var/fonts/map/pdftex/updmap/pdftex.map}]pdfTeX w
arning (ext4): destination with the same identifier (name{page.1}) has been alr
eady used, duplicate ignored
<to be read again> 
                   \relax 
l.93 \end{abstract}
                    [1] (./synthesis_report_v2.toc)
\tf@toc=\write4
\openout4 = `synthesis_report_v2.toc'.

pdfTeX warning (ext4): destination with the same identifier (name{page.1}) has 
been already used, duplicate ignored
<to be read again> 
                   \relax 
l.99 \chapter
             {Introduction and Theoretical Framework} [1

]
Chapter 1.
<fig_conceptual_framework.pdf, id=74, 1416.49196pt x 630.7123pt>
File: fig_conceptual_framework.pdf Graphic file (type pdf)
<use fig_conceptual_framework.pdf>
Package pdftex.def Info: fig_conceptual_framework.pdf  used on input line 144.
(pdftex.def)             Requested size: 455.24411pt x 202.6982pt.
[2

] [3 <./fig_conceptual_framework.pdf>]
Chapter 2.
Package microtype Info: Loading generic protrusion settings for font family
(microtype)             `cmtt' (encoding: OT1).
(microtype)             For optimal results, create family-specific settings.
(microtype)             See the microtype manual for details.
[4

]
Chapter 3.

Package hyperref Warning: Token not allowed in a PDF string (Unicode):
(hyperref)                removing `math shift' on input line 221.


Package hyperref Warning: Token not allowed in a PDF string (Unicode):
(hyperref)                removing `\times' on input line 221.


Package hyperref Warning: Token not allowed in a PDF string (Unicode):
(hyperref)                removing `math shift' on input line 221.


Underfull \hbox (badness 1776) in paragraph at lines 236--237
[]|\OT1/cmr/m/n/10 (+20) Ultimatum Game, Co-op-er-a-tion, Trust
 []

<fig_2x2_interaction.pdf, id=255, 1191.03723pt x 1188.09912pt>
File: fig_2x2_interaction.pdf Graphic file (type pdf)
<use fig_2x2_interaction.pdf>
Package pdftex.def Info: fig_2x2_interaction.pdf  used on input line 277.
(pdftex.def)             Requested size: 455.24411pt x 454.11105pt.
[5

] [6] [7] [8 <./fig_2x2_interaction.pdf>]
Chapter 4.
<fig_analysis1_ale_glassbrain.pdf, id=415, 1149.09305pt x 570.21031pt>
File: fig_analysis1_ale_glassbrain.pdf Graphic file (type pdf)
<use fig_analysis1_ale_glassbrain.pdf>
Package pdftex.def Info: fig_analysis1_ale_glassbrain.pdf  used on input line 4
01.
(pdftex.def)             Requested size: 455.24411pt x 225.9049pt.
<fig_analysis4_differential_decoding.pdf, id=416, 570.74478pt x 497.2058pt>
File: fig_analysis4_differential_decoding.pdf Graphic file (type pdf)
<use fig_analysis4_differential_decoding.pdf>
Package pdftex.def Info: fig_analysis4_differential_decoding.pdf  used on input
 line 451.
(pdftex.def)             Requested size: 341.43307pt x 297.44571pt.
<fig_analysis5_macm_networks.pdf, id=417, 1148.80008pt x 356.68318pt>
File: fig_analysis5_macm_networks.pdf Graphic file (type pdf)
<use fig_analysis5_macm_networks.pdf>
Package pdftex.def Info: fig_analysis5_macm_networks.pdf  used on input line 47
1.
(pdftex.def)             Requested size: 455.24411pt x 141.34276pt.
[9

] [10 <./fig_analysis1_ale_glassbrain.pdf> <./fig_analysis4_differential_decodi
ng.pdf>] [11 <./fig_analysis5_macm_networks.pdf>]
Chapter 5.

Underfull \hbox (badness 7238) in paragraph at lines 510--511
[]|\OT1/cmr/m/n/10 (+20) Dissolved (dmPFC self-other
 []


Underfull \hbox (badness 10000) in paragraph at lines 517--518
[]|\OT1/cmr/m/n/10 (+20) dmPFC + pre-cuneus (self-
 []


Underfull \hbox (badness 10000) in paragraph at lines 518--518
[]|\OT1/cmr/m/n/10 (+20) mPFC re-la-tion-ship
 []

[12

] [13]
Chapter 6.
[14

]
Chapter 7.
[15

] [16

]
Appendix A.

Overfull \hbox (1.75424pt too wide) in alignment at lines 739--742
 [] [] [] [] [] 
 []


Underfull \hbox (badness 10000) in paragraph at lines 745--745
[]|\OT1/cmr/m/n/10.95 (+20) Prisoner's
 []


Overfull \hbox (1.75424pt too wide) in alignment at lines 742--781
 [] [] [] [] [] 
 []


Overfull \hbox (1.75424pt too wide) in alignment at lines 786--789
 [] [] [] [] [] 
 []


Underfull \hbox (badness 1748) in paragraph at lines 790--792
[]|\OT1/cmr/m/n/10.95 (+20) King-Casas, B., Sharp, C., Lomax-Bream, L.,
 []


Underfull \hbox (badness 10000) in paragraph at lines 793--793
[]|\OT1/cmr/m/n/10.95 (+20) Trust Game
 []


Underfull \hbox (badness 10000) in paragraph at lines 813--813
[]|\OT1/cmr/m/n/10.95 (+20) Social
 []


Underfull \hbox (badness 10000) in paragraph at lines 818--818
[]|\OT1/cmr/m/n/10.95 (+20) Trust Game
 []


Overfull \hbox (1.75424pt too wide) in alignment at lines 789--820
 [] [] [] [] [] 
 []

[17

]
Overfull \hbox (1.75424pt too wide) in alignment at lines 825--828
 [] [] [] [] [] 
 []


Underfull \hbox (badness 10000) in paragraph at lines 832--832
[]|\OT1/cmr/m/n/10.95 (+20) Ultimatum
 []


Underfull \hbox (badness 10000) in paragraph at lines 841--841
[]|\OT1/cmr/m/n/10.95 (+20) Ingroup vs.
 []


Underfull \hbox (badness 10000) in paragraph at lines 845--845
[]|\OT1/cmr/m/n/10.95 (+20) Ultimatum
 []


Underfull \hbox (badness 10000) in paragraph at lines 849--849
[]|\OT1/cmr/m/n/10.95 (+20) Ultimatum
 []


Underfull \hbox (badness 10000) in paragraph at lines 853--853
[]|\OT1/cmr/m/n/10.95 (+20) Prisoner's
 []


Overfull \hbox (1.75424pt too wide) in alignment at lines 828--855
 [] [] [] [] [] 
 []

[18]
Overfull \hbox (21.22095pt too wide) in alignment at lines 860--863
 [] [] [] [] [] 
 []


Underfull \hbox (badness 1107) in paragraph at lines 866--866
[]|\OT1/cmr/m/n/10.95 (+20) Self-ref. judg-
 []


Underfull \hbox (badness 3323) in paragraph at lines 871--871
[]|\OT1/cmr/m/n/10.95 (+20) Cultural self-
 []


Underfull \hbox (badness 10000) in paragraph at lines 885--885
[]|\OT1/cmr/m/n/10.95 (+20) Social
 []


Underfull \hbox (badness 10000) in paragraph at lines 885--885
\OT1/cmr/m/n/10.95 (+20) metacog-ni-
 []


Underfull \hbox (badness 10000) in paragraph at lines 890--890
[]|\OT1/cmr/m/n/10.95 (+20) Close other
 []


Overfull \hbox (21.22095pt too wide) in alignment at lines 863--892
 [] [] [] [] [] 
 []

[19] [20] (./synthesis_report_v2.aux)
Package rerunfilecheck Info: File `synthesis_report_v2.out' has not changed.
(rerunfilecheck)             Checksum: 6155FD0BF7D41EF8E298FC9B1B3595B2;1879.
 ) 
Here is how much of TeX's memory you used:
 13808 strings out of 478994
 210098 string characters out of 5858184
 583213 words of memory out of 5000000
 30875 multiletter control sequences out of 15000+600000
 416955 words of font info for 148 fonts, out of 8000000 for 9000
 1141 hyphenation exceptions out of 8191
 71i,13n,74p,1319b,463s stack positions out of 5000i,500n,10000p,200000b,80000s
{/usr/local/texlive/2021/texmf-dist/fonts/enc/dvips/cm-super/cm-super-ts1.enc
}</usr/local/texlive/2021/texmf-dist/fonts/type1/public/amsfonts/cm/cmbx10.pfb>
</usr/local/texlive/2021/texmf-dist/fonts/type1/public/amsfonts/cm/cmbx12.pfb><
/usr/local/texlive/2021/texmf-dist/fonts/type1/public/amsfonts/cm/cmmi10.pfb></
usr/local/texlive/2021/texmf-dist/fonts/type1/public/amsfonts/cm/cmr10.pfb></us
r/local/texlive/2021/texmf-dist/fonts/type1/public/amsfonts/cm/cmr12.pfb></usr/
local/texlive/2021/texmf-dist/fonts/type1/public/amsfonts/cm/cmr7.pfb></usr/loc
al/texlive/2021/texmf-dist/fonts/type1/public/amsfonts/cm/cmr8.pfb></usr/local/
texlive/2021/texmf-dist/fonts/type1/public/amsfonts/cm/cmsy10.pfb></usr/local/t
exlive/2021/texmf-dist/fonts/type1/public/amsfonts/cm/cmti10.pfb></usr/local/te
xlive/2021/texmf-dist/fonts/type1/public/amsfonts/cm/cmtt10.pfb></usr/local/tex
live/2021/texmf-dist/fonts/type1/public/cm-super/sfrm1095.pfb>
Output written on synthesis_report_v2.pdf (22 pages, 521697 bytes).
PDF statistics:
 790 PDF objects out of 1000 (max. 8388607)
 266 compressed objects within 3 object streams
 55 named destinations out of 1000 (max. 500000)
 31338 words of extra memory for PDF output out of 35830 (max. 10000000)

